[2022-11-06 15:24:54.221] [%PARSER_ERROR[lovel]] [main] org.springframework.boot.SpringApplication %PARSER_ERROR[mgs]
java.lang.IllegalStateException: java.lang.IllegalStateException: Logback configuration error detected: 
ERROR in ch.qos.logback.core.ConsoleAppender[console] - No encoder set for the appender named "console".
ERROR in ch.qos.logback.core.pattern.parser.Compiler@5bfa8cc5 - There is no conversion class registered for conversion word [lovel]
ERROR in ch.qos.logback.core.pattern.parser.Compiler@5bfa8cc5 - [lovel] is not a valid conversion word
ERROR in ch.qos.logback.core.pattern.parser.Compiler@5bfa8cc5 - There is no conversion class registered for conversion word [mgs]
ERROR in ch.qos.logback.core.pattern.parser.Compiler@5bfa8cc5 - [mgs] is not a valid conversion word
	at org.springframework.boot.context.logging.LoggingApplicationListener.initializeSystem(LoggingApplicationListener.java:344)
	at org.springframework.boot.context.logging.LoggingApplicationListener.initialize(LoggingApplicationListener.java:298)
	at org.springframework.boot.context.logging.LoggingApplicationListener.onApplicationEnvironmentPreparedEvent(LoggingApplicationListener.java:246)
	at org.springframework.boot.context.logging.LoggingApplicationListener.onApplicationEvent(LoggingApplicationListener.java:223)
	at org.springframework.context.event.SimpleApplicationEventMulticaster.doInvokeListener(SimpleApplicationEventMulticaster.java:176)
	at org.springframework.context.event.SimpleApplicationEventMulticaster.invokeListener(SimpleApplicationEventMulticaster.java:169)
	at org.springframework.context.event.SimpleApplicationEventMulticaster.multicastEvent(SimpleApplicationEventMulticaster.java:143)
	at org.springframework.context.event.SimpleApplicationEventMulticaster.multicastEvent(SimpleApplicationEventMulticaster.java:131)
	at org.springframework.boot.context.event.EventPublishingRunListener.environmentPrepared(EventPublishingRunListener.java:85)
	at org.springframework.boot.SpringApplicationRunListeners.lambda$environmentPrepared$2(SpringApplicationRunListeners.java:66)
	at java.base/java.util.ArrayList.forEach(ArrayList.java:1541)
	at org.springframework.boot.SpringApplicationRunListeners.doWithListeners(SpringApplicationRunListeners.java:120)
	at org.springframework.boot.SpringApplicationRunListeners.doWithListeners(SpringApplicationRunListeners.java:114)
	at org.springframework.boot.SpringApplicationRunListeners.environmentPrepared(SpringApplicationRunListeners.java:65)
	at org.springframework.boot.SpringApplication.prepareEnvironment(SpringApplication.java:344)
	at org.springframework.boot.SpringApplication.run(SpringApplication.java:302)
	at org.springframework.boot.SpringApplication.run(SpringApplication.java:1306)
	at org.springframework.boot.SpringApplication.run(SpringApplication.java:1295)
	at com.springboot.hello.HelloApplication.main(HelloApplication.java:10)
Caused by: java.lang.IllegalStateException: Logback configuration error detected: 
ERROR in ch.qos.logback.core.ConsoleAppender[console] - No encoder set for the appender named "console".
ERROR in ch.qos.logback.core.pattern.parser.Compiler@5bfa8cc5 - There is no conversion class registered for conversion word [lovel]
ERROR in ch.qos.logback.core.pattern.parser.Compiler@5bfa8cc5 - [lovel] is not a valid conversion word
ERROR in ch.qos.logback.core.pattern.parser.Compiler@5bfa8cc5 - There is no conversion class registered for conversion word [mgs]
ERROR in ch.qos.logback.core.pattern.parser.Compiler@5bfa8cc5 - [mgs] is not a valid conversion word
	at org.springframework.boot.logging.logback.LogbackLoggingSystem.loadConfiguration(LogbackLoggingSystem.java:179)
	at org.springframework.boot.logging.AbstractLoggingSystem.initializeWithConventions(AbstractLoggingSystem.java:80)
	at org.springframework.boot.logging.AbstractLoggingSystem.initialize(AbstractLoggingSystem.java:60)
	at org.springframework.boot.logging.logback.LogbackLoggingSystem.initialize(LogbackLoggingSystem.java:132)
	at org.springframework.boot.context.logging.LoggingApplicationListener.initializeSystem(LoggingApplicationListener.java:329)
	... 18 common frames omitted
[2022-11-06 15:26:22.305] [%PARSER_ERROR[lovel]] [main] org.springframework.boot.SpringApplication %PARSER_ERROR[mgs]
java.lang.IllegalStateException: java.lang.IllegalStateException: Logback configuration error detected: 
ERROR in ch.qos.logback.core.pattern.parser.Compiler@3f053c80 - There is no conversion class registered for conversion word [lovel]
ERROR in ch.qos.logback.core.pattern.parser.Compiler@3f053c80 - [lovel] is not a valid conversion word
ERROR in ch.qos.logback.core.pattern.parser.Compiler@3f053c80 - There is no conversion class registered for conversion word [mgs]
ERROR in ch.qos.logback.core.pattern.parser.Compiler@3f053c80 - [mgs] is not a valid conversion word
ERROR in ch.qos.logback.core.pattern.parser.Compiler@6c6c5427 - There is no conversion class registered for conversion word [lovel]
ERROR in ch.qos.logback.core.pattern.parser.Compiler@6c6c5427 - [lovel] is not a valid conversion word
ERROR in ch.qos.logback.core.pattern.parser.Compiler@6c6c5427 - There is no conversion class registered for conversion word [mgs]
ERROR in ch.qos.logback.core.pattern.parser.Compiler@6c6c5427 - [mgs] is not a valid conversion word
	at org.springframework.boot.context.logging.LoggingApplicationListener.initializeSystem(LoggingApplicationListener.java:344)
	at org.springframework.boot.context.logging.LoggingApplicationListener.initialize(LoggingApplicationListener.java:298)
	at org.springframework.boot.context.logging.LoggingApplicationListener.onApplicationEnvironmentPreparedEvent(LoggingApplicationListener.java:246)
	at org.springframework.boot.context.logging.LoggingApplicationListener.onApplicationEvent(LoggingApplicationListener.java:223)
	at org.springframework.context.event.SimpleApplicationEventMulticaster.doInvokeListener(SimpleApplicationEventMulticaster.java:176)
	at org.springframework.context.event.SimpleApplicationEventMulticaster.invokeListener(SimpleApplicationEventMulticaster.java:169)
	at org.springframework.context.event.SimpleApplicationEventMulticaster.multicastEvent(SimpleApplicationEventMulticaster.java:143)
	at org.springframework.context.event.SimpleApplicationEventMulticaster.multicastEvent(SimpleApplicationEventMulticaster.java:131)
	at org.springframework.boot.context.event.EventPublishingRunListener.environmentPrepared(EventPublishingRunListener.java:85)
	at org.springframework.boot.SpringApplicationRunListeners.lambda$environmentPrepared$2(SpringApplicationRunListeners.java:66)
	at java.base/java.util.ArrayList.forEach(ArrayList.java:1541)
	at org.springframework.boot.SpringApplicationRunListeners.doWithListeners(SpringApplicationRunListeners.java:120)
	at org.springframework.boot.SpringApplicationRunListeners.doWithListeners(SpringApplicationRunListeners.java:114)
	at org.springframework.boot.SpringApplicationRunListeners.environmentPrepared(SpringApplicationRunListeners.java:65)
	at org.springframework.boot.SpringApplication.prepareEnvironment(SpringApplication.java:344)
	at org.springframework.boot.SpringApplication.run(SpringApplication.java:302)
	at org.springframework.boot.SpringApplication.run(SpringApplication.java:1306)
	at org.springframework.boot.SpringApplication.run(SpringApplication.java:1295)
	at com.springboot.hello.HelloApplication.main(HelloApplication.java:10)
Caused by: java.lang.IllegalStateException: Logback configuration error detected: 
ERROR in ch.qos.logback.core.pattern.parser.Compiler@3f053c80 - There is no conversion class registered for conversion word [lovel]
ERROR in ch.qos.logback.core.pattern.parser.Compiler@3f053c80 - [lovel] is not a valid conversion word
ERROR in ch.qos.logback.core.pattern.parser.Compiler@3f053c80 - There is no conversion class registered for conversion word [mgs]
ERROR in ch.qos.logback.core.pattern.parser.Compiler@3f053c80 - [mgs] is not a valid conversion word
ERROR in ch.qos.logback.core.pattern.parser.Compiler@6c6c5427 - There is no conversion class registered for conversion word [lovel]
ERROR in ch.qos.logback.core.pattern.parser.Compiler@6c6c5427 - [lovel] is not a valid conversion word
ERROR in ch.qos.logback.core.pattern.parser.Compiler@6c6c5427 - There is no conversion class registered for conversion word [mgs]
ERROR in ch.qos.logback.core.pattern.parser.Compiler@6c6c5427 - [mgs] is not a valid conversion word
	at org.springframework.boot.logging.logback.LogbackLoggingSystem.loadConfiguration(LogbackLoggingSystem.java:179)
	at org.springframework.boot.logging.AbstractLoggingSystem.initializeWithConventions(AbstractLoggingSystem.java:80)
	at org.springframework.boot.logging.AbstractLoggingSystem.initialize(AbstractLoggingSystem.java:60)
	at org.springframework.boot.logging.logback.LogbackLoggingSystem.initialize(LogbackLoggingSystem.java:132)
	at org.springframework.boot.context.logging.LoggingApplicationListener.initializeSystem(LoggingApplicationListener.java:329)
	... 18 common frames omitted
[2022-11-06 15:27:25.885] [ERROR] [main] org.springframework.boot.SpringApplication %PARSER_ERROR[mgs]
java.lang.IllegalStateException: java.lang.IllegalStateException: Logback configuration error detected: 
ERROR in ch.qos.logback.core.pattern.parser.Compiler@6c6c5427 - There is no conversion class registered for conversion word [mgs]
ERROR in ch.qos.logback.core.pattern.parser.Compiler@6c6c5427 - [mgs] is not a valid conversion word
ERROR in ch.qos.logback.core.pattern.parser.Compiler@618c5d94 - There is no conversion class registered for conversion word [mgs]
ERROR in ch.qos.logback.core.pattern.parser.Compiler@618c5d94 - [mgs] is not a valid conversion word
	at org.springframework.boot.context.logging.LoggingApplicationListener.initializeSystem(LoggingApplicationListener.java:344)
	at org.springframework.boot.context.logging.LoggingApplicationListener.initialize(LoggingApplicationListener.java:298)
	at org.springframework.boot.context.logging.LoggingApplicationListener.onApplicationEnvironmentPreparedEvent(LoggingApplicationListener.java:246)
	at org.springframework.boot.context.logging.LoggingApplicationListener.onApplicationEvent(LoggingApplicationListener.java:223)
	at org.springframework.context.event.SimpleApplicationEventMulticaster.doInvokeListener(SimpleApplicationEventMulticaster.java:176)
	at org.springframework.context.event.SimpleApplicationEventMulticaster.invokeListener(SimpleApplicationEventMulticaster.java:169)
	at org.springframework.context.event.SimpleApplicationEventMulticaster.multicastEvent(SimpleApplicationEventMulticaster.java:143)
	at org.springframework.context.event.SimpleApplicationEventMulticaster.multicastEvent(SimpleApplicationEventMulticaster.java:131)
	at org.springframework.boot.context.event.EventPublishingRunListener.environmentPrepared(EventPublishingRunListener.java:85)
	at org.springframework.boot.SpringApplicationRunListeners.lambda$environmentPrepared$2(SpringApplicationRunListeners.java:66)
	at java.base/java.util.ArrayList.forEach(ArrayList.java:1541)
	at org.springframework.boot.SpringApplicationRunListeners.doWithListeners(SpringApplicationRunListeners.java:120)
	at org.springframework.boot.SpringApplicationRunListeners.doWithListeners(SpringApplicationRunListeners.java:114)
	at org.springframework.boot.SpringApplicationRunListeners.environmentPrepared(SpringApplicationRunListeners.java:65)
	at org.springframework.boot.SpringApplication.prepareEnvironment(SpringApplication.java:344)
	at org.springframework.boot.SpringApplication.run(SpringApplication.java:302)
	at org.springframework.boot.SpringApplication.run(SpringApplication.java:1306)
	at org.springframework.boot.SpringApplication.run(SpringApplication.java:1295)
	at com.springboot.hello.HelloApplication.main(HelloApplication.java:10)
Caused by: java.lang.IllegalStateException: Logback configuration error detected: 
ERROR in ch.qos.logback.core.pattern.parser.Compiler@6c6c5427 - There is no conversion class registered for conversion word [mgs]
ERROR in ch.qos.logback.core.pattern.parser.Compiler@6c6c5427 - [mgs] is not a valid conversion word
ERROR in ch.qos.logback.core.pattern.parser.Compiler@618c5d94 - There is no conversion class registered for conversion word [mgs]
ERROR in ch.qos.logback.core.pattern.parser.Compiler@618c5d94 - [mgs] is not a valid conversion word
	at org.springframework.boot.logging.logback.LogbackLoggingSystem.loadConfiguration(LogbackLoggingSystem.java:179)
	at org.springframework.boot.logging.AbstractLoggingSystem.initializeWithConventions(AbstractLoggingSystem.java:80)
	at org.springframework.boot.logging.AbstractLoggingSystem.initialize(AbstractLoggingSystem.java:60)
	at org.springframework.boot.logging.logback.LogbackLoggingSystem.initialize(LogbackLoggingSystem.java:132)
	at org.springframework.boot.context.logging.LoggingApplicationListener.initializeSystem(LoggingApplicationListener.java:329)
	... 18 common frames omitted
[2022-11-06 15:27:44.826] [INFO ] [main] com.springboot.hello.HelloApplication Starting HelloApplication using Java 11.0.11 on munjeonghun-ui-MacBookAir-3.local with PID 19616 (/Users/jhmoon/IdeaProjects/hello/target/classes started by jhmoon in /Users/jhmoon/IdeaProjects/hello)
[2022-11-06 15:27:44.829] [INFO ] [main] com.springboot.hello.HelloApplication No active profile set, falling back to 1 default profile: "default"
[2022-11-06 15:27:45.942] [INFO ] [main] org.springframework.boot.web.embedded.tomcat.TomcatWebServer Tomcat initialized with port(s): 8080 (http)
[2022-11-06 15:27:45.949] [INFO ] [main] org.apache.coyote.http11.Http11NioProtocol Initializing ProtocolHandler ["http-nio-8080"]
[2022-11-06 15:27:45.949] [INFO ] [main] org.apache.catalina.core.StandardService Starting service [Tomcat]
[2022-11-06 15:27:45.949] [INFO ] [main] org.apache.catalina.core.StandardEngine Starting Servlet engine: [Apache Tomcat/9.0.68]
[2022-11-06 15:27:46.047] [INFO ] [main] org.apache.catalina.core.ContainerBase.[Tomcat].[localhost].[/] Initializing Spring embedded WebApplicationContext
[2022-11-06 15:27:46.047] [INFO ] [main] org.springframework.boot.web.servlet.context.ServletWebServerApplicationContext Root WebApplicationContext: initialization completed in 1164 ms
[2022-11-06 15:27:46.524] [INFO ] [main] springfox.documentation.spring.web.PropertySourcedRequestMappingHandlerMapping Mapped URL path [/v2/api-docs] onto method [springfox.documentation.swagger2.web.Swagger2Controller#getDocumentation(String, HttpServletRequest)]
[2022-11-06 15:27:46.715] [INFO ] [main] org.apache.coyote.http11.Http11NioProtocol Starting ProtocolHandler ["http-nio-8080"]
[2022-11-06 15:27:46.730] [INFO ] [main] org.springframework.boot.web.embedded.tomcat.TomcatWebServer Tomcat started on port(s): 8080 (http) with context path ''
[2022-11-06 15:27:46.731] [INFO ] [main] springfox.documentation.spring.web.plugins.DocumentationPluginsBootstrapper Context refreshed
[2022-11-06 15:27:46.741] [INFO ] [main] springfox.documentation.spring.web.plugins.DocumentationPluginsBootstrapper Found 1 custom documentation plugin(s)
[2022-11-06 15:27:46.757] [INFO ] [main] springfox.documentation.spring.web.scanners.ApiListingReferenceScanner Scanning for api listing references
[2022-11-06 15:27:46.912] [INFO ] [main] com.springboot.hello.HelloApplication Started HelloApplication in 2.629 seconds (JVM running for 3.357)
